Traceback (most recent call last):
  File "/Users/Ilaria/repos/music-language-tutorial/venv/lib/python3.11/site-packages/jupyter_cache/executors/utils.py", line 58, in single_nb_execution
    executenb(
  File "/Users/Ilaria/repos/music-language-tutorial/venv/lib/python3.11/site-packages/nbclient/client.py", line 1314, in execute
    return NotebookClient(nb=nb, resources=resources, km=km, **kwargs).execute()
           ^^^^^^^^^^^^^^^^^^^^^^^^^^^^^^^^^^^^^^^^^^^^^^^^^^^^^^^^^^^^^^^^^^^^^
  File "/Users/Ilaria/repos/music-language-tutorial/venv/lib/python3.11/site-packages/jupyter_core/utils/__init__.py", line 165, in wrapped
    return loop.run_until_complete(inner)
           ^^^^^^^^^^^^^^^^^^^^^^^^^^^^^^
  File "/Library/Frameworks/Python.framework/Versions/3.11/lib/python3.11/asyncio/base_events.py", line 653, in run_until_complete
    return future.result()
           ^^^^^^^^^^^^^^^
  File "/Users/Ilaria/repos/music-language-tutorial/venv/lib/python3.11/site-packages/nbclient/client.py", line 709, in async_execute
    await self.async_execute_cell(
  File "/Users/Ilaria/repos/music-language-tutorial/venv/lib/python3.11/site-packages/nbclient/client.py", line 1062, in async_execute_cell
    await self._check_raise_for_error(cell, cell_index, exec_reply)
  File "/Users/Ilaria/repos/music-language-tutorial/venv/lib/python3.11/site-packages/nbclient/client.py", line 918, in _check_raise_for_error
    raise CellExecutionError.from_cell_and_msg(cell, exec_reply_content)
nbclient.exceptions.CellExecutionError: An error occurred while executing the following cell:
------------------
import torch
import IPython.display as ipd
sr = 44100
duration = 5
audio_sample = torch.randn(1, sr * duration)
ipd.Audio(audio_sample.numpy(), rate=sr)
------------------

----- stderr -----
/Users/Ilaria/repos/music-language-tutorial/venv/lib/python3.11/site-packages/torch/nn/modules/transformer.py:20: UserWarning: Failed to initialize NumPy: No module named 'numpy' (Triggered internally at /Users/runner/work/pytorch/pytorch/pytorch/torch/csrc/utils/tensor_numpy.cpp:84.)
  device: torch.device = torch.device(torch._C._get_default_device()),  # torch.device('cpu'),
------------------

[0;31m---------------------------------------------------------------------------[0m
[0;31mRuntimeError[0m                              Traceback (most recent call last)
Cell [0;32mIn[1], line 6[0m
[1;32m      4[0m duration [38;5;241m=[39m [38;5;241m5[39m
[1;32m      5[0m audio_sample [38;5;241m=[39m torch[38;5;241m.[39mrandn([38;5;241m1[39m, sr [38;5;241m*[39m duration)
[0;32m----> 6[0m ipd[38;5;241m.[39mAudio([43maudio_sample[49m[38;5;241;43m.[39;49m[43mnumpy[49m[43m([49m[43m)[49m, rate[38;5;241m=[39msr)

[0;31mRuntimeError[0m: Numpy is not available

